[15:56:56] [main/INFO]: Environment: authHost='https://authserver.mojang.com', accountsHost='https://api.mojang.com', sessionHost='https://sessionserver.mojang.com', servicesHost='https://api.minecraftservices.com', name='PROD'
[15:56:57] [main/INFO]: Reloading ResourceManager: Default, bukkit
[15:56:58] [Worker-Main-11/INFO]: Loaded 7 recipes
[15:56:59] [Server thread/INFO]: Starting minecraft server version 1.17.1
[15:56:59] [Server thread/INFO]: Loading properties
[15:56:59] [Server thread/INFO]: Default game type: SURVIVAL
[15:56:59] [Server thread/INFO]: Generating keypair
[15:56:59] [Server thread/INFO]: Starting Minecraft server on *:25565
[15:57:00] [Server thread/INFO]: Using default channel type
[15:57:00] [Server thread/INFO]: This server is running CraftBukkit version 3258-Bukkit-960f310 (MC: 1.17.1) (Implementing API version 1.17.1-R0.1-SNAPSHOT)
[15:57:01] [Server thread/INFO]: [Plugin] Loading Plugin v1.0.0
[15:57:01] [Server thread/WARN]: **** SERVER IS RUNNING IN OFFLINE/INSECURE MODE!
[15:57:01] [Server thread/WARN]: The server will make no attempt to authenticate usernames. Beware.
[15:57:01] [Server thread/WARN]: While this makes the game possible to play without internet access, it also opens up the ability for hackers to connect with any username they choose.
[15:57:01] [Server thread/WARN]: To change this, set "online-mode" to "true" in the server.properties file.
[15:57:01] [Server thread/INFO]: Preparing level "world"
[15:57:01] [Server thread/INFO]: Preparing start region for dimension minecraft:overworld
[15:57:02] [Worker-Main-11/INFO]: Preparing spawn area: 0%
[15:57:06] [Worker-Main-10/INFO]: Preparing spawn area: 0%
[15:57:06] [Worker-Main-11/INFO]: Preparing spawn area: 0%
[15:57:06] [Worker-Main-10/INFO]: Preparing spawn area: 0%
[15:57:06] [Worker-Main-10/INFO]: Preparing spawn area: 0%
[15:57:06] [Worker-Main-14/INFO]: Preparing spawn area: 0%
[15:57:06] [Worker-Main-11/INFO]: Preparing spawn area: 0%
[15:57:06] [Worker-Main-10/INFO]: Preparing spawn area: 0%
[15:57:06] [Worker-Main-10/INFO]: Preparing spawn area: 0%
[15:57:06] [Worker-Main-14/INFO]: Preparing spawn area: 0%
[15:57:06] [Worker-Main-9/INFO]: Preparing spawn area: 30%
[15:57:07] [Worker-Main-14/INFO]: Preparing spawn area: 68%
[15:57:07] [Worker-Main-11/INFO]: Preparing spawn area: 68%
[15:57:08] [Worker-Main-12/INFO]: Preparing spawn area: 73%
[15:57:08] [Worker-Main-9/INFO]: Preparing spawn area: 73%
[15:57:09] [Worker-Main-12/INFO]: Preparing spawn area: 83%
[15:57:09] [Worker-Main-8/INFO]: Preparing spawn area: 84%
[15:57:10] [Worker-Main-9/INFO]: Preparing spawn area: 87%
[15:57:10] [Worker-Main-13/INFO]: Preparing spawn area: 93%
[15:57:11] [Worker-Main-13/INFO]: Preparing spawn area: 97%
[15:57:11] [Server thread/INFO]: Time elapsed: 9586 ms
[15:57:11] [Server thread/INFO]: Preparing start region for dimension minecraft:the_nether
[15:57:11] [Worker-Main-14/INFO]: Preparing spawn area: 0%
[15:57:11] [Worker-Main-8/INFO]: Preparing spawn area: 0%
[15:57:12] [Worker-Main-9/INFO]: Preparing spawn area: 5%
[15:57:12] [Worker-Main-11/INFO]: Preparing spawn area: 68%
[15:57:13] [Worker-Main-14/INFO]: Preparing spawn area: 76%
[15:57:13] [Worker-Main-12/INFO]: Preparing spawn area: 83%
[15:57:14] [Worker-Main-13/INFO]: Preparing spawn area: 88%
[15:57:14] [Worker-Main-13/INFO]: Preparing spawn area: 95%
[15:57:15] [Server thread/INFO]: Time elapsed: 3741 ms
[15:57:15] [Server thread/INFO]: Preparing start region for dimension minecraft:the_end
[15:57:15] [Worker-Main-8/INFO]: Preparing spawn area: 0%
[15:57:15] [Worker-Main-14/INFO]: Preparing spawn area: 4%
[15:57:16] [Worker-Main-11/INFO]: Preparing spawn area: 92%
[15:57:16] [Server thread/INFO]: Time elapsed: 1045 ms
[15:57:16] [Server thread/INFO]: [Plugin] Enabling Plugin v1.0.0
[15:57:16] [Server thread/INFO]: Code Load
[15:57:16] [Server thread/INFO]: Server permissions file permissions.yml is empty, ignoring it
[15:57:16] [Server thread/INFO]: Done (14.815s)! For help, type "help"
[15:58:02] [Server thread/INFO]: RobotReaction[/127.0.0.1:57438] logged in with entity id 180 at ([world]17.5, 63.0, 117.5)
[15:58:10] [Server thread/INFO]: RobotReaction issued server command: /plugins
[15:58:14] [Server thread/INFO]: RobotReaction issued server command: /reload
[15:58:28] [Server thread/INFO]: Made RobotReaction a server operator
[15:58:33] [Server thread/INFO]: RobotReaction lost connection: Disconnected
[15:58:33] [Server thread/INFO]: RobotReaction left the game
[15:58:37] [Server thread/INFO]: Unknown command. Type "help" for help.[m
[15:58:39] [Server thread/INFO]: [0;33;1m--------- [0;37;1mHelp: Index [0;33;1m---------------------------[m
[15:58:39] [Server thread/INFO]: [0;37;22mUse /help [n] to get page n of help.[m
[15:58:39] [Server thread/INFO]: [0;33;22mAliases: [0;37;1mLists command aliases[m
[15:58:39] [Server thread/INFO]: [0;33;22mBukkit: [0;37;1mAll commands for Bukkit[m
[15:58:39] [Server thread/INFO]: [0;33;22mMinecraft: [0;37;1mAll commands for Minecraft[m
[15:58:39] [Server thread/INFO]: [0;33;22m/advancement: [0;37;1mA Mojang provided command.[m
[15:58:39] [Server thread/INFO]: [0;33;22m/attribute: [0;37;1mA Mojang provided command.[m
[15:58:39] [Server thread/INFO]: [0;33;22m/ban: [0;37;1mA Mojang provided command.[m
[15:58:39] [Server thread/INFO]: [0;33;22m/ban-ip: [0;37;1mA Mojang provided command.[m
[15:58:39] [Server thread/INFO]: [0;33;22m/banlist: [0;37;1mA Mojang provided command.[m
[15:58:39] [Server thread/INFO]: [0;33;22m/bossbar: [0;37;1mA Mojang provided command.[m
[15:58:39] [Server thread/INFO]: [0;33;22m/clear: [0;37;1mA Mojang provided command.[m
[15:58:39] [Server thread/INFO]: [0;33;22m/clone: [0;37;1mA Mojang provided command.[m
[15:58:39] [Server thread/INFO]: [0;33;22m/data: [0;37;1mA Mojang provided command.[m
[15:58:39] [Server thread/INFO]: [0;33;22m/datapack: [0;37;1mA Mojang provided command.[m
[15:58:39] [Server thread/INFO]: [0;33;22m/debug: [0;37;1mA Mojang provided command.[m
[15:58:39] [Server thread/INFO]: [0;33;22m/defaultgamemode: [0;37;1mA Mojang provided command.[m
[15:58:39] [Server thread/INFO]: [0;33;22m/deop: [0;37;1mA Mojang provided command.[m
[15:58:39] [Server thread/INFO]: [0;33;22m/difficulty: [0;37;1mA Mojang provided command.[m
[15:58:39] [Server thread/INFO]: [0;33;22m/effect: [0;37;1mA Mojang provided command.[m
[15:58:39] [Server thread/INFO]: [0;33;22m/enchant: [0;37;1mA Mojang provided command.[m
[15:58:39] [Server thread/INFO]: [0;33;22m/execute: [0;37;1mA Mojang provided command.[m
[15:58:39] [Server thread/INFO]: [0;33;22m/experience: [0;37;1mA Mojang provided command.[m
[15:58:39] [Server thread/INFO]: [0;33;22m/fill: [0;37;1mA Mojang provided command.[m
[15:58:39] [Server thread/INFO]: [0;33;22m/forceload: [0;37;1mA Mojang provided command.[m
[15:58:39] [Server thread/INFO]: [0;33;22m/function: [0;37;1mA Mojang provided command.[m
[15:58:39] [Server thread/INFO]: [0;33;22m/gamemode: [0;37;1mA Mojang provided command.[m
[15:58:39] [Server thread/INFO]: [0;33;22m/gamerule: [0;37;1mA Mojang provided command.[m
[15:58:39] [Server thread/INFO]: [0;33;22m/give: [0;37;1mA Mojang provided command.[m
[15:58:39] [Server thread/INFO]: [0;33;22m/help: [0;37;1mShows the help menu[m
[15:58:39] [Server thread/INFO]: [0;33;22m/item: [0;37;1mA Mojang provided command.[m
[15:58:39] [Server thread/INFO]: [0;33;22m/kick: [0;37;1mA Mojang provided command.[m
[15:58:39] [Server thread/INFO]: [0;33;22m/kill: [0;37;1mA Mojang provided command.[m
[15:58:39] [Server thread/INFO]: [0;33;22m/list: [0;37;1mA Mojang provided command.[m
[15:58:39] [Server thread/INFO]: [0;33;22m/locate: [0;37;1mA Mojang provided command.[m
[15:58:39] [Server thread/INFO]: [0;33;22m/locatebiome: [0;37;1mA Mojang provided command.[m
[15:58:39] [Server thread/INFO]: [0;33;22m/loot: [0;37;1mA Mojang provided command.[m
[15:58:39] [Server thread/INFO]: [0;33;22m/me: [0;37;1mA Mojang provided command.[m
[15:58:39] [Server thread/INFO]: [0;33;22m/minecraft:help: [0;37;1mA Mojang provided command.[m
[15:58:39] [Server thread/INFO]: [0;33;22m/minecraft:reload: [0;37;1mA Mojang provided command.[m
[15:58:39] [Server thread/INFO]: [0;33;22m/msg: [0;37;1mA Mojang provided command.[m
[15:58:39] [Server thread/INFO]: [0;33;22m/op: [0;37;1mA Mojang provided command.[m
[15:58:39] [Server thread/INFO]: [0;33;22m/pardon: [0;37;1mA Mojang provided command.[m
[15:58:39] [Server thread/INFO]: [0;33;22m/pardon-ip: [0;37;1mA Mojang provided command.[m
[15:58:39] [Server thread/INFO]: [0;33;22m/particle: [0;37;1mA Mojang provided command.[m
[15:58:39] [Server thread/INFO]: [0;33;22m/perf: [0;37;1mA Mojang provided command.[m
[15:58:39] [Server thread/INFO]: [0;33;22m/playsound: [0;37;1mA Mojang provided command.[m
[15:58:39] [Server thread/INFO]: [0;33;22m/plugins: [0;37;1mGets a list of plugins running on the server[m
[15:58:39] [Server thread/INFO]: [0;33;22m/recipe: [0;37;1mA Mojang provided command.[m
[15:58:39] [Server thread/INFO]: [0;33;22m/reload: [0;37;1mReloads the server configuration and plugins[m
[15:58:39] [Server thread/INFO]: [0;33;22m/save-all: [0;37;1mA Mojang provided command.[m
[15:58:39] [Server thread/INFO]: [0;33;22m/save-off: [0;37;1mA Mojang provided command.[m
[15:58:39] [Server thread/INFO]: [0;33;22m/save-on: [0;37;1mA Mojang provided command.[m
[15:58:39] [Server thread/INFO]: [0;33;22m/say: [0;37;1mA Mojang provided command.[m
[15:58:39] [Server thread/INFO]: [0;33;22m/schedule: [0;37;1mA Mojang provided command.[m
[15:58:39] [Server thread/INFO]: [0;33;22m/scoreboard: [0;37;1mA Mojang provided command.[m
[15:58:39] [Server thread/INFO]: [0;33;22m/seed: [0;37;1mA Mojang provided command.[m
[15:58:39] [Server thread/INFO]: [0;33;22m/setblock: [0;37;1mA Mojang provided command.[m
[15:58:39] [Server thread/INFO]: [0;33;22m/setidletimeout: [0;37;1mA Mojang provided command.[m
[15:58:39] [Server thread/INFO]: [0;33;22m/setworldspawn: [0;37;1mA Mojang provided command.[m
[15:58:39] [Server thread/INFO]: [0;33;22m/spawnpoint: [0;37;1mA Mojang provided command.[m
[15:58:39] [Server thread/INFO]: [0;33;22m/spectate: [0;37;1mA Mojang provided command.[m
[15:58:39] [Server thread/INFO]: [0;33;22m/spreadplayers: [0;37;1mA Mojang provided command.[m
[15:58:39] [Server thread/INFO]: [0;33;22m/stop: [0;37;1mA Mojang provided command.[m
[15:58:39] [Server thread/INFO]: [0;33;22m/stopsound: [0;37;1mA Mojang provided command.[m
[15:58:39] [Server thread/INFO]: [0;33;22m/summon: [0;37;1mA Mojang provided command.[m
[15:58:39] [Server thread/INFO]: [0;33;22m/tag: [0;37;1mA Mojang provided command.[m
[15:58:39] [Server thread/INFO]: [0;33;22m/team: [0;37;1mA Mojang provided command.[m
[15:58:39] [Server thread/INFO]: [0;33;22m/teammsg: [0;37;1mA Mojang provided command.[m
[15:58:39] [Server thread/INFO]: [0;33;22m/teleport: [0;37;1mA Mojang provided command.[m
[15:58:39] [Server thread/INFO]: [0;33;22m/tell: [0;37;1mA Mojang provided command.[m
[15:58:39] [Server thread/INFO]: [0;33;22m/tellraw: [0;37;1mA Mojang provided command.[m
[15:58:39] [Server thread/INFO]: [0;33;22m/time: [0;37;1mA Mojang provided command.[m
[15:58:39] [Server thread/INFO]: [0;33;22m/timings: [0;37;1mRecords timings for all plugin events[m
[15:58:39] [Server thread/INFO]: [0;33;22m/title: [0;37;1mA Mojang provided command.[m
[15:58:39] [Server thread/INFO]: [0;33;22m/tm: [0;37;1mA Mojang provided command.[m
[15:58:39] [Server thread/INFO]: [0;33;22m/tp: [0;37;1mA Mojang provided command.[m
[15:58:39] [Server thread/INFO]: [0;33;22m/trigger: [0;37;1mA Mojang provided command.[m
[15:58:39] [Server thread/INFO]: [0;33;22m/version: [0;37;1mGets the version of this server including any plugins in use[m
[15:58:39] [Server thread/INFO]: [0;33;22m/w: [0;37;1mA Mojang provided command.[m
[15:58:39] [Server thread/INFO]: [0;33;22m/weather: [0;37;1mA Mojang provided command.[m
[15:58:39] [Server thread/INFO]: [0;33;22m/whitelist: [0;37;1mA Mojang provided command.[m
[15:58:39] [Server thread/INFO]: [0;33;22m/worldborder: [0;37;1mA Mojang provided command.[m
[15:58:39] [Server thread/INFO]: [0;33;22m/xp: [0;37;1mA Mojang provided command.[m
[15:59:03] [Server thread/INFO]: Saving the game (this may take a moment!)
[15:59:04] [Server thread/INFO]: Saved the game
[15:59:08] [Server thread/INFO]: Stopping the server
[15:59:08] [Server thread/INFO]: Stopping server
[15:59:08] [Server thread/INFO]: [Plugin] Disabling Plugin v1.0.0
[15:59:08] [Server thread/INFO]: Saving players
[15:59:08] [Server thread/INFO]: Saving worlds
[15:59:08] [Server thread/INFO]: Saving chunks for level 'ServerLevel[world]'/minecraft:overworld
[15:59:09] [Server thread/INFO]: Saving chunks for level 'ServerLevel[world_nether]'/minecraft:the_nether
[15:59:10] [Server thread/INFO]: Saving chunks for level 'ServerLevel[world_the_end]'/minecraft:the_end
[15:59:10] [Server thread/INFO]: ThreadedAnvilChunkStorage (world): All chunks are saved
[15:59:10] [Server thread/INFO]: ThreadedAnvilChunkStorage (DIM-1): All chunks are saved
[15:59:10] [Server thread/INFO]: ThreadedAnvilChunkStorage (DIM1): All chunks are saved
[15:59:10] [Server thread/INFO]: ThreadedAnvilChunkStorage: All dimensions are saved
